<?xml version="1.0" encoding="UTF-8"?>
<testsuite xmlns:xsi="http://www.w3.org/2001/XMLSchema-instance" xsi:noNamespaceSchemaLocation="https://maven.apache.org/surefire/maven-surefire-plugin/xsd/surefire-test-report-3.0.xsd" version="3.0" name="org.example.runner.run" time="182.019" tests="18" errors="0" skipped="0" failures="3">
  <properties>
[...]
</properties>
  <testcase name="runScenario" classname="org.example.runner.run" time="14.84"/>
  <testcase name="runScenario" classname="org.example.runner.run" time="11.578"/>
  <testcase name="runScenario" classname="org.example.runner.run" time="8.475"/>
  <testcase name="runScenario" classname="org.example.runner.run" time="8.664"/>
  <testcase name="runScenario" classname="org.example.runner.run" time="7.767"/>
  <testcase name="runScenario" classname="org.example.runner.run" time="8.271"/>
  <testcase name="runScenario" classname="org.example.runner.run" time="9.327"/>
  <testcase name="runScenario" classname="org.example.runner.run" time="11.549"/>
  <testcase name="runScenario" classname="org.example.runner.run" time="9.733"/>
  <testcase name="runScenario" classname="org.example.runner.run" time="10.348"/>
  <testcase name="runScenario" classname="org.example.runner.run" time="7.528">
    <failure message="wrong URL expected [https://demo.nopcommerce.com/] but found [https://demo.nopcommerce.com/nokia-lumia-1020]" type="java.lang.AssertionError"><![CDATA[java.lang.AssertionError: wrong URL expected [https://demo.nopcommerce.com/] but found [https://demo.nopcommerce.com/nokia-lumia-1020]
]]></failure>
    <system-out><![CDATA[
@smoke
Scenario: guest user could register with valid data successfully &amp#27;[90m# src/main/resources/Features/F1_register.feature:4&amp#27;[0m
  &amp#27;[32mGiven &amp#27;[0m&amp#27;[32muser go to register page&amp#27;[0m                                 &amp#27;[90m# org.example.stepDefinitions.registerStepDef.RegisterPage()&amp#27;[0m
  &amp#27;[32mWhen &amp#27;[0m&amp#27;[32muser selects gender&amp#27;[0m                                       &amp#27;[90m# org.example.stepDefinitions.registerStepDef.userSelectsGender()&amp#27;[0m
  &amp#27;[32mAnd &amp#27;[0m&amp#27;[32muser enters valid data&amp#27;[0m                                     &amp#27;[90m# org.example.stepDefinitions.registerStepDef.userEntersValidData()&amp#27;[0m
  &amp#27;[32mAnd &amp#27;[0m&amp#27;[32muser enters date of birth&amp#27;[0m                                  &amp#27;[90m# org.example.stepDefinitions.registerStepDef.userEntersDateOfBirth()&amp#27;[0m
  &amp#27;[32mAnd &amp#27;[0m&amp#27;[32muser enters email&amp#27;[0m                                          &amp#27;[90m# org.example.stepDefinitions.registerStepDef.userEnters()&amp#27;[0m
  &amp#27;[32mAnd &amp#27;[0m&amp#27;[32muser fills password fields&amp#27;[0m                                 &amp#27;[90m# org.example.stepDefinitions.registerStepDef.userFillsPasswordFields()&amp#27;[0m
  &amp#27;[32mAnd &amp#27;[0m&amp#27;[32muser click on register&amp#27;[0m                                     &amp#27;[90m# org.example.stepDefinitions.registerStepDef.userClickOnRegister()&amp#27;[0m
  &amp#27;[32mThen &amp#27;[0m&amp#27;[32msuccess message is displayed&amp#27;[0m                              &amp#27;[90m# org.example.stepDefinitions.registerStepDef.successMessageIsDisplayed()&amp#27;[0m

@smoke
Scenario: user could login with valid email and password &amp#27;[90m# src/main/resources/Features/F2_login.feature:4&amp#27;[0m
  &amp#27;[32mGiven &amp#27;[0m&amp#27;[32muser go to login page&amp#27;[0m                            &amp#27;[90m# org.example.stepDefinitions.loginStepDef.goToLoginPage()&amp#27;[0m
  &amp#27;[32mWhen &amp#27;[0m&amp#27;[32muser login with valid data&amp#27;[0m                        &amp#27;[90m# org.example.stepDefinitions.loginStepDef.userLoginWithValidData()&amp#27;[0m
  &amp#27;[32mAnd &amp#27;[0m&amp#27;[32muser press on login button&amp#27;[0m                         &amp#27;[90m# org.example.stepDefinitions.loginStepDef.userPressOnLoginButton()&amp#27;[0m
  &amp#27;[32mThen &amp#27;[0m&amp#27;[32muser login to the system successfully&amp#27;[0m             &amp#27;[90m# org.example.stepDefinitions.loginStepDef.userLoginToTheSystemSuccessfully()&amp#27;[0m

@smoke
Scenario: user could login with invalid email and password &amp#27;[90m# src/main/resources/Features/F2_login.feature:10&amp#27;[0m
  &amp#27;[32mGiven &amp#27;[0m&amp#27;[32muser go to login page&amp#27;[0m                              &amp#27;[90m# org.example.stepDefinitions.loginStepDef.goToLoginPage()&amp#27;[0m
  &amp#27;[32mWhen &amp#27;[0m&amp#27;[32muser login with "&amp#27;[0m&amp#27;[32m&amp#27;[1mwrong@example.com&amp#27;[0m&amp#27;[32m" and "&amp#27;[0m&amp#27;[32m&amp#27;[1mP@ssw0rd&amp#27;[0m&amp#27;[32m"&amp#27;[0m  &amp#27;[90m# org.example.stepDefinitions.loginStepDef.userLoginWithAnd(java.lang.String,java.lang.String)&amp#27;[0m
  &amp#27;[32mAnd &amp#27;[0m&amp#27;[32muser press on login button&amp#27;[0m                           &amp#27;[90m# org.example.stepDefinitions.loginStepDef.userPressOnLoginButton()&amp#27;[0m
  &amp#27;[32mThen &amp#27;[0m&amp#27;[32muser could not login to the system&amp#27;[0m                  &amp#27;[90m# org.example.stepDefinitions.loginStepDef.userCouldNotLoginToTheSystem()&amp#27;[0m

@smoke
Scenario: user chooses euro currency &amp#27;[90m# src/main/resources/Features/F3_currency.feature:4&amp#27;[0m
  &amp#27;[32mWhen &amp#27;[0m&amp#27;[32muser chooses euro currency&amp#27;[0m    &amp#27;[90m# org.example.stepDefinitions.currencyStepDef.chooseCurrency()&amp#27;[0m
  &amp#27;[32mThen &amp#27;[0m&amp#27;[32mfeatured products are in euro&amp#27;[0m &amp#27;[90m# org.example.stepDefinitions.currencyStepDef.featuredProductsAreInEuro()&amp#27;[0m

@smoke
Scenario Outline: user search using product name &amp#27;[90m# src/main/resources/Features/F4_search.feature:11&amp#27;[0m
  &amp#27;[32mWhen &amp#27;[0m&amp#27;[32muser enters &amp#27;[0m&amp#27;[32m&amp#27;[1m"book"&amp#27;[0m&amp#27;[32m for product&amp#27;[0m            &amp#27;[90m# org.example.stepDefinitions.searchStepDef.userEntersName(java.lang.String)&amp#27;[0m
  &amp#27;[32mAnd &amp#27;[0m&amp#27;[32muser click on search button&amp#27;[0m                &amp#27;[90m# org.example.stepDefinitions.searchStepDef.userClickOnSearchButton()&amp#27;[0m
  &amp#27;[32mThen &amp#27;[0m&amp#27;[32muser locates &amp#27;[0m&amp#27;[32m&amp#27;[1m"book"&amp#27;[0m&amp#27;[32m successfully&amp#27;[0m          &amp#27;[90m# org.example.stepDefinitions.searchStepDef.userLocatesItemsRelatedToSearchSuccessfully(java.lang.String)&amp#27;[0m

@smoke
Scenario Outline: user search using product name &amp#27;[90m# src/main/resources/Features/F4_search.feature:12&amp#27;[0m
  &amp#27;[32mWhen &amp#27;[0m&amp#27;[32muser enters &amp#27;[0m&amp#27;[32m&amp#27;[1m"laptop"&amp#27;[0m&amp#27;[32m for product&amp#27;[0m          &amp#27;[90m# org.example.stepDefinitions.searchStepDef.userEntersName(java.lang.String)&amp#27;[0m
  &amp#27;[32mAnd &amp#27;[0m&amp#27;[32muser click on search button&amp#27;[0m                &amp#27;[90m# org.example.stepDefinitions.searchStepDef.userClickOnSearchButton()&amp#27;[0m
  &amp#27;[32mThen &amp#27;[0m&amp#27;[32muser locates &amp#27;[0m&amp#27;[32m&amp#27;[1m"laptop"&amp#27;[0m&amp#27;[32m successfully&amp#27;[0m        &amp#27;[90m# org.example.stepDefinitions.searchStepDef.userLocatesItemsRelatedToSearchSuccessfully(java.lang.String)&amp#27;[0m

@smoke
Scenario Outline: user search using product name &amp#27;[90m# src/main/resources/Features/F4_search.feature:13&amp#27;[0m
  &amp#27;[32mWhen &amp#27;[0m&amp#27;[32muser enters &amp#27;[0m&amp#27;[32m&amp#27;[1m"nike"&amp#27;[0m&amp#27;[32m for product&amp#27;[0m            &amp#27;[90m# org.example.stepDefinitions.searchStepDef.userEntersName(java.lang.String)&amp#27;[0m
  &amp#27;[32mAnd &amp#27;[0m&amp#27;[32muser click on search button&amp#27;[0m                &amp#27;[90m# org.example.stepDefinitions.searchStepDef.userClickOnSearchButton()&amp#27;[0m
  &amp#27;[32mThen &amp#27;[0m&amp#27;[32muser locates &amp#27;[0m&amp#27;[32m&amp#27;[1m"nike"&amp#27;[0m&amp#27;[32m successfully&amp#27;[0m          &amp#27;[90m# org.example.stepDefinitions.searchStepDef.userLocatesItemsRelatedToSearchSuccessfully(java.lang.String)&amp#27;[0m

@smoke
Scenario Outline: user search using sku     &amp#27;[90m# src/main/resources/Features/F4_search.feature:22&amp#27;[0m
  &amp#27;[32mWhen &amp#27;[0m&amp#27;[32muser enters &amp#27;[0m&amp#27;[32m&amp#27;[1m"AS_551_LP"&amp#27;[0m&amp#27;[32m for product&amp#27;[0m  &amp#27;[90m# org.example.stepDefinitions.searchStepDef.userEntersName(java.lang.String)&amp#27;[0m
  &amp#27;[32mAnd &amp#27;[0m&amp#27;[32muser click on search button&amp#27;[0m           &amp#27;[90m# org.example.stepDefinitions.searchStepDef.userClickOnSearchButton()&amp#27;[0m
  &amp#27;[32mThen &amp#27;[0m&amp#27;[32muser clicks on product&amp#27;[0m               &amp#27;[90m# org.example.stepDefinitions.searchStepDef.userClicksOnProduct()&amp#27;[0m
  &amp#27;[32mAnd &amp#27;[0m&amp#27;[32muser confirms &amp#27;[0m&amp#27;[32m&amp#27;[1m"AS_551_LP"&amp#27;[0m&amp#27;[32m for product&amp#27;[0m &amp#27;[90m# org.example.stepDefinitions.searchStepDef.userConfirmsForProduct(java.lang.String)&amp#27;[0m

@smoke
Scenario Outline: user search using sku     &amp#27;[90m# src/main/resources/Features/F4_search.feature:23&amp#27;[0m
  &amp#27;[32mWhen &amp#27;[0m&amp#27;[32muser enters &amp#27;[0m&amp#27;[32m&amp#27;[1m"NK_FRC_RS"&amp#27;[0m&amp#27;[32m for product&amp#27;[0m  &amp#27;[90m# org.example.stepDefinitions.searchStepDef.userEntersName(java.lang.String)&amp#27;[0m
  &amp#27;[32mAnd &amp#27;[0m&amp#27;[32muser click on search button&amp#27;[0m           &amp#27;[90m# org.example.stepDefinitions.searchStepDef.userClickOnSearchButton()&amp#27;[0m
  &amp#27;[32mThen &amp#27;[0m&amp#27;[32muser clicks on product&amp#27;[0m               &amp#27;[90m# org.example.stepDefinitions.searchStepDef.userClicksOnProduct()&amp#27;[0m
  &amp#27;[32mAnd &amp#27;[0m&amp#27;[32muser confirms &amp#27;[0m&amp#27;[32m&amp#27;[1m"NK_FRC_RS"&amp#27;[0m&amp#27;[32m for product&amp#27;[0m &amp#27;[90m# org.example.stepDefinitions.searchStepDef.userConfirmsForProduct(java.lang.String)&amp#27;[0m

@smoke
Scenario: user selects category       &amp#27;[90m# src/main/resources/Features/F5_hover.feature:3&amp#27;[0m
  &amp#27;[32mWhen &amp#27;[0m&amp#27;[32muser hovers over category&amp#27;[0m      &amp#27;[90m# org.example.stepDefinitions.hoverStepDef.userHoversOver()&amp#27;[0m
  &amp#27;[32mThen &amp#27;[0m&amp#27;[32mrandom subcategory is selected&amp#27;[0m &amp#27;[90m# org.example.stepDefinitions.hoverStepDef.random_subcategory()&amp#27;[0m

@smoke
Scenario: user click on nokia slider                                       &amp#27;[90m# src/main/resources/Features/F6_homeSliders.feature:3&amp#27;[0m
  &amp#27;[32mWhen &amp#27;[0m&amp#27;[32muser clicks on nokia slider image&amp#27;[0m                                   &amp#27;[90m# org.example.stepDefinitions.homeSliderStepDef.ClickOnNokiaSlider()&amp#27;[0m
  &amp#27;[31mThen &amp#27;[0m&amp#27;[31muser is directed to &amp#27;[0m&amp#27;[31m&amp#27;[1m"https://demo.nopcommerce.com/nokia-lumia-1020"&amp#27;[0m &amp#27;[90m# org.example.stepDefinitions.homeSliderStepDef.userIsDirectedTo(java.lang.String)&amp#27;[0m
      &amp#27;[31mjava.lang.AssertionError: wrong URL expected [https://demo.nopcommerce.com/] but found [https://demo.nopcommerce.com/nokia-lumia-1020]
	at org.testng.Assert.fail(Assert.java:110)
	at org.testng.Assert.failNotEquals(Assert.java:1413)
	at org.testng.Assert.assertEqualsImpl(Assert.java:149)
	at org.testng.Assert.assertEquals(Assert.java:131)
	at org.testng.Assert.assertEquals(Assert.java:655)
	at org.example.stepDefinitions.homeSliderStepDef.userIsDirectedTo(homeSliderStepDef.java:18)
	at âœ½.user is directed to "https://demo.nopcommerce.com/nokia-lumia-1020"(file:///C:/Use]]></system-out>
    <system-err><![CDATA[Starting ChromeDriver 103.0.5060.134 (8ec6fce403b3feb0869b0732eda8bd95011d333c-refs/branch-heads/5060@{#1262}) on port 51915
Only local connections are allowed.
Please see https://chromedriver.chromium.org/security-considerations for suggestions on keeping ChromeDriver safe.
ChromeDriver was started successfully.
[1660253891.068][WARNING]: This version of ChromeDriver has not been tested with Chrome version 104.
Aug 11, 2022 11:38:11 PM org.openqa.selenium.remote.ProtocolHandshake createSession
INFO: Detected upstream dialect: W3C
Aug 11, 2022 11:38:11 PM org.openqa.selenium.devtools.CdpVersionFinder findNearestMatch
WARNING: Unable to find an exact match for CDP version 104, so returning the closest version found: 103
Aug 11, 2022 11:38:11 PM org.openqa.selenium.devtools.CdpVersionFinder findNearestMatch
INFO: Found CDP implementation for version 104 of 103
]]></system-err>
  </testcase>
  <testcase name="runScenario" classname="org.example.runner.run" time="8.009">
    <failure message="wrong URL expected [https://demo.nopcommerce.com/] but found [https://demo.nopcommerce.com/iphone-6]" type="java.lang.AssertionError"><![CDATA[java.lang.AssertionError: wrong URL expected [https://demo.nopcommerce.com/] but found [https://demo.nopcommerce.com/iphone-6]
]]></failure>
    <system-err><![CDATA[Starting ChromeDriver 103.0.5060.134 (8ec6fce403b3feb0869b0732eda8bd95011d333c-refs/branch-heads/5060@{#1262}) on port 63500
Only local connections are allowed.
Please see https://chromedriver.chromium.org/security-considerations for suggestions on keeping ChromeDriver safe.
ChromeDriver was started successfully.
[1660253898.500][WARNING]: This version of ChromeDriver has not been tested with Chrome version 104.
Aug 11, 2022 11:38:18 PM org.openqa.selenium.remote.ProtocolHandshake createSession
INFO: Detected upstream dialect: W3C
Aug 11, 2022 11:38:18 PM org.openqa.selenium.devtools.CdpVersionFinder findNearestMatch
WARNING: Unable to find an exact match for CDP version 104, so returning the closest version found: 103
Aug 11, 2022 11:38:18 PM org.openqa.selenium.devtools.CdpVersionFinder findNearestMatch
INFO: Found CDP implementation for version 104 of 103
]]></system-err>
  </testcase>
  <testcase name="runScenario" classname="org.example.runner.run" time="10.073"/>
  <testcase name="runScenario" classname="org.example.runner.run" time="11.423"/>
  <testcase name="runScenario" classname="org.example.runner.run" time="10.451">
    <failure message="wrong URL expected [https://demo.nopcommerce.com/new-online-store-is-open] but found [https://demo.nopcommerce.com/news/rss/1]" type="java.lang.AssertionError"><![CDATA[java.lang.AssertionError: wrong URL expected [https://demo.nopcommerce.com/new-online-store-is-open] but found [https://demo.nopcommerce.com/news/rss/1]
]]></failure>
    <system-err><![CDATA[Starting ChromeDriver 103.0.5060.134 (8ec6fce403b3feb0869b0732eda8bd95011d333c-refs/branch-heads/5060@{#1262}) on port 50811
Only local connections are allowed.
Please see https://chromedriver.chromium.org/security-considerations for suggestions on keeping ChromeDriver safe.
ChromeDriver was started successfully.
[1660253928.153][WARNING]: This version of ChromeDriver has not been tested with Chrome version 104.
Aug 11, 2022 11:38:48 PM org.openqa.selenium.remote.ProtocolHandshake createSession
INFO: Detected upstream dialect: W3C
Aug 11, 2022 11:38:48 PM org.openqa.selenium.devtools.CdpVersionFinder findNearestMatch
WARNING: Unable to find an exact match for CDP version 104, so returning the closest version found: 103
Aug 11, 2022 11:38:48 PM org.openqa.selenium.devtools.CdpVersionFinder findNearestMatch
INFO: Found CDP implementation for version 104 of 103
]]></system-err>
  </testcase>
  <testcase name="runScenario" classname="org.example.runner.run" time="13.659"/>
  <testcase name="runScenario" classname="org.example.runner.run" time="7.828"/>
  <testcase name="runScenario" classname="org.example.runner.run" time="10.375"/>
</testsuite>